<?xml version="1.0" encoding="UTF-8" ?>
<testsuite errors="0" failures="0" hostname="queensla-708764" name="asgn1Solution.TransactionsTest" tests="25" time="0.11" timestamp="2010-05-03T11:12:24">
  <properties>
[...]
</properties>
  <testcase classname="asgn1Solution.TransactionsTest" name="WarehouseLedgerConstructed" time="0.016" />
  <testcase classname="asgn1Solution.TransactionsTest" name="JobCompletionInitialised" time="0.0" />
  <testcase classname="asgn1Solution.TransactionsTest" name="OrderFulfillmentInitialised" time="0.0" />
  <testcase classname="asgn1Solution.TransactionsTest" name="InsolvencyStatusInitialised" time="0.015" />
  <testcase classname="asgn1Solution.TransactionsTest" name="NegativeWarehouseCapacity" time="0.0" />
  <testcase classname="asgn1Solution.TransactionsTest" name="NegativeJobDuration" time="0.0" />
  <testcase classname="asgn1Solution.TransactionsTest" name="ZeroJobDuration" time="0.0" />
  <testcase classname="asgn1Solution.TransactionsTest" name="ZeroWarehouseCapacity" time="0.0" />
  <testcase classname="asgn1Solution.TransactionsTest" name="SingleDayJob" time="0.0" />
  <testcase classname="asgn1Solution.TransactionsTest" name="WarehouseTransactionsConstructed" time="0.0" />
  <testcase classname="asgn1Solution.TransactionsTest" name="NegativeWholesalePurchase" time="0.0" />
  <testcase classname="asgn1Solution.TransactionsTest" name="NegativeWholesalePurchaseWithRestocking" time="0.0" />
  <testcase classname="asgn1Solution.TransactionsTest" name="DaysProgressNormally" time="0.0" />
  <testcase classname="asgn1Solution.TransactionsTest" name="DaysProgressNormallyWithRestocking" time="0.0" />
  <testcase classname="asgn1Solution.TransactionsTest" name="RunningOutOfStock" time="0.0" />
  <testcase classname="asgn1Solution.TransactionsTest" name="RunningOutOfStockWithRestocking" time="0.0" />
  <testcase classname="asgn1Solution.TransactionsTest" name="RunningOutOfCash" time="0.0" />
  <testcase classname="asgn1Solution.TransactionsTest" name="MiscellaneousTransactions" time="0.0" />
  <testcase classname="asgn1Solution.TransactionsTest" name="SellingNothingStockUnchanged" time="0.0" />
  <testcase classname="asgn1Solution.TransactionsTest" name="SellingNothingOrderFulfilled" time="0.0" />
  <testcase classname="asgn1Solution.TransactionsTest" name="SellingEverythingNoStockLeft" time="0.0" />
  <testcase classname="asgn1Solution.TransactionsTest" name="SellingEverythingOrderFulfilled" time="0.016" />
  <testcase classname="asgn1Solution.TransactionsTest" name="RestockingAndSellingNothing" time="0.0" />
  <testcase classname="asgn1Solution.TransactionsTest" name="RestockingWhenAlreadyFull" time="0.0" />
  <testcase classname="asgn1Solution.TransactionsTest" name="RunningOutOfCashByPayingForEmptyDeliveryTrucks" time="0.0" />
  <system-out><![CDATA[]]></system-out>
  <system-err><![CDATA[]]></system-err>
</testsuite>
